  0.000381     1      -348.6673
  0.000680     2      -489.3847
  0.000974     3      -695.5469
  0.001284     4      -129.0320
  0.001582     5      -450.9703
  0.001876     6      -146.0829
  0.002195     7      -241.3904
  0.002511     8      -324.2769
  0.002854     9      -352.8257
  0.003152    10        -4.9634
  0.003451    11      -138.4710
  0.003736    12      -103.3838
  0.004061    13      -362.8856
  0.004386    14      -150.7756
  0.004692    15      -177.4034
  0.004966    16       -96.1547
  0.005272    17      -162.9596
  0.005611    18       -86.7282
  0.005928    19      -176.4921
  0.006235    20        -3.4161
  0.006648    21       -18.4357
  0.007039    22       -77.7313
  0.007411    23       -40.3683
  0.007833    24       -71.4766
  0.008233    25       -44.9546
  0.008625    26      -245.6794
  0.008964    27        -2.7637
  0.009353    28        -6.7591
  0.009764    29       -21.9462
  0.010136    30        -6.4332
  0.010530    31      -250.9930
  0.010926    32       -76.8780
  0.011327    33      -319.9207
  0.011726    34       -39.6576
  0.012368    35      -105.4107
  0.012986    36       -23.6453
  0.013696    37      -283.9938
  0.014646    38       -99.8271
  0.015355    39       -20.3325
  0.016179    40      -181.3370
  0.016997    41       -17.8909
  0.017873    42       -34.8847
  0.018659    43        -3.1051
  0.019544    44       -33.6837
  0.020463    45       -36.1589
  0.021283    46       -95.3183
  0.022325    47       -45.0240
  0.023420    48        -2.0739
  0.024558    49       -26.3987
  0.025647    50       -16.0495
  0.027018    51        -9.5681
  0.028333    52        -8.4134
  0.029790    53       -36.7910
  0.031046    54       -11.1284
  0.032317    55       -21.1102
  0.033605    56       -16.8967
  0.034963    57       -51.5410
  0.036227    58       -17.9103
  0.037532    59       -21.6888
  0.038972    60       -40.1802
  0.040405    61        -9.8492
  0.041841    62       -37.5526
  0.043318    63        -8.2535
  0.044664    64       -11.0737
  0.046153    65       -23.5717
  0.047634    66       -39.7030
  0.049126    67        -3.6337
  0.050574    68       -39.4697
  0.052222    69        -6.0983
  0.053867    70       -41.6692
  0.055509    71       -28.8790
  0.057168    72       -26.6730
  0.058833    73       -32.1261
  0.060476    74        -2.0295
  0.062243    75        -8.8588
  0.064025    76       -44.0677
  0.065804    77       -11.7670
  0.067633    78       -27.0246
  0.069387    79       -24.8187
  0.071110    80        -2.6720
  0.072950    81        -8.1840
  0.074785    82       -15.7263
  0.076280    83       -10.5609
  0.079269    84        -1.9529
  0.084170    85       -10.6385
  0.093075    86       -17.9769
  0.102302    87       -20.5118
  0.112587    88       -13.0378
  0.118110    89       -12.9016
  0.124936    90        -7.3575
  0.134069    91       -12.6649
  0.144520    92        -8.0907
  0.153917    93        -3.8424
  0.166929    94       -11.2612
  0.181353    95        -5.6651
  0.195456    96        -3.4318
  0.205849    97        -2.1387
  0.215599    98        -3.2911
  0.229300    99        -2.2523
  0.242857   100        -9.2196
  0.255446   101        -1.9665
  0.266465   102        -3.0463
  0.279818   103        -4.0093
  0.292822   104        -3.1765
  0.305582   105       -10.2565
  0.317379   106        -9.7862
  0.329513   107        -2.5597
  0.343377   108        -8.2977
  0.356883   109        -2.5945
  0.370147   110        -2.9872
  0.383813   111        -6.7456
  0.397680   112        -3.6019
  0.417563   113        -4.1822
  0.438622   114        -5.9674
  0.454701   115        -8.2897
  0.475666   116        -9.1014
  0.499440   117        -2.9011
  0.520743   118        -6.1393
  0.540909   119        -3.5217
  0.565418   120        -2.0879
  0.585777   121        -2.4613
  0.609975   122        -1.8952
  0.632448   123        -2.2860
  0.656939   124        -3.0862
  0.682055   125        -2.8547
  0.705605   126        -2.2395
  0.730727   127        -2.4624
  0.754613   128        -2.2416
  0.778629   129        -1.9229
  0.802211   130        -1.9419
  0.826150   131        -1.9094
  0.848385   132        -7.6851
  0.883072   133        -1.8475
  0.911075   134        -9.1608
  0.946765   135        -2.2896
  0.983334   136        -2.3171
  1.000000   137        -2.8414
  1.000000   136        -4.0015
  1.000000   135        -2.3363
  1.000000   134        -4.8575
  1.000000   133        -3.7740
  1.000000   132        -2.6546
  1.000000   131        -2.1360
  1.000000   130        -3.3726
  1.000000   129        -2.4562
  1.000000   128        -4.4202
  1.000000   127        -2.5725
  1.000000   126        -2.6743
  1.000000   125        -5.1921
  1.000000   124        -4.8929
  1.000000   123        -2.4301
  1.000000   122        -4.6126
  1.000000   121        -1.9444
  1.000000   120        -2.0065
  1.000000   119        -2.1302
  1.000000   118        -2.7255
  1.000000   117        -2.4924
  1.000000   116        -1.9762
  1.000000   115        -2.3945
  1.000000   114        -2.3039
  1.000000   113        -5.0469
  1.000000   112        -2.9736
  1.000000   111        -4.1340
  1.000000   110        -2.0348
  1.000000   109        -3.0645
  1.000000   108        -5.7600
  1.000000   107        -2.8340
  1.000000   106        -2.6597
  1.000000   105        -2.0291
  1.000000   104        -2.4612
  1.000000   103        -4.4859
  1.000000   102        -2.6682
  1.000000   101        -5.1710
  1.000000   100        -2.2946
  1.000000    99        -2.2997
  1.000000    98        -1.8434
  1.000000    97        -2.5533
  1.000000    96        -2.1216
  1.000000    95        -2.5914
  1.000000    94        -3.2544
  1.000000    93        -2.4515
  1.000000    92        -2.2782
  1.000000    91        -2.8879
  1.000000    90        -2.5165
  1.000000    89        -3.6190
  1.000000    88        -1.9147
  1.000000    87        -2.1547
  1.000000    86        -3.8240
  1.000000    85        -2.3096
  1.000000    84        -4.8376
  1.000000    83        -2.4466
  1.000000    82        -2.6363
  1.000000    81        -3.3047
  1.000000    80        -1.9226
  1.000000    79        -2.0077
  1.000000    78        -3.6832
  1.000000    77        -4.7876
  1.000000    76        -2.1318
  1.000000    75        -2.0363
  1.000000    74        -9.5882
  1.000000    73        -2.3016
  1.000000    72        -3.0505
  1.000000    71        -2.5321
  1.000000    70        -2.6481
  1.000000    69        -2.4096
  1.000000    68        -4.1667
  1.000000    67        -2.4183
  1.000000    66        -1.9641
  1.000000    65        -2.9377
  1.000000    64        -2.5999
  1.000000    63        -3.6419
  1.000000    62        -2.1606
  1.000000    61        -3.1424
  1.000000    60        -3.0825
  1.000000    59        -2.5463
  1.000000    58        -5.0723
  1.000000    57        -2.9834
  1.000000    56        -2.1644
  1.000000    55        -4.0864
  1.000000    54        -5.7705
  1.000000    53        -3.0339
  1.000000    52        -3.4206
  1.000000    51        -1.9971
  1.000000    50        -3.1402
  1.000000    49        -5.2477
  1.000000    48        -2.0565
  1.000000    47        -2.3718
  1.000000    46        -2.7291
  1.000000    45        -2.9289
  1.000000    44        -3.8747
  1.000000    43        -2.5643
  1.000000    42        -2.4802
  1.000000    41        -2.7713
  1.000000    40        -2.4485
  1.000000    39        -2.4300
  1.000000    38        -2.5108
  1.000000    37        -8.0329
  1.000000    36        -2.4101
  1.000000    35        -1.9172
  1.000000    34        -4.0141
  1.000000    33        -3.2530
  1.000000    32        -1.9328
  1.000000    31        -4.0755
  1.000000    30        -3.8520
  1.000000    29        -2.5388
  1.000000    28        -2.4035
  1.000000    27        -4.0515
  1.000000    26        -2.1390
  1.000000    25        -2.4256
  1.000000    24        -1.9831
  1.000000    23        -3.8908
  1.000000    22        -2.1497
  1.000000    21        -3.1536
  1.000000    20        -2.4734
  1.000000    19        -2.2191
  1.000000    18        -2.6146
  1.000000    17        -1.9471
  1.000000    16        -2.1501
  1.000000    15        -2.0903
  1.000000    14        -2.2957
  1.000000    13        -2.7311
  1.000000    12        -2.3358
  1.000000    11        -2.4101
  1.000000    10        -3.8791
  1.000000     9        -2.1113
  1.000000     8        -1.8483
  1.000000     7        -4.4165
  1.000000     6        -4.2894
  1.000000     5        -5.6458
  1.000000     4        -2.4828
  1.000000     3        -1.9704
  1.000000     2        -3.1558
  1.000000     1        -1.8951
  1.000000     0        -3.1176

BayeSys3 return code 1
    Random seed was   4321
    Success / CPU = 71642 / 619515 = 0.1156
    # ENSEMBLE samples was 138
    < Atoms >   =      2.77
    Evidence    =     -8.05 (log[e])
    Information =      5.14 (log[e])

  Cell    Total +- StdDev    Pr(+)%
    0     13.09     11.00      72
    1     22.30     15.10      82
    2      4.51      6.31      45
    3      0.00      0.00       0

   Data    <Mock>
   40.00    39.91
   12.00    12.01
